<?xml version="1.0" encoding="UTF-8"?>
<!-- Generated by org.testng.reporters.JUnitReportReporter -->
<testsuite hostname="Aruls-MacBook-Air.local" failures="0" tests="1" name="Rest_Assured.Test2" time="5.161" errors="0" timestamp="2024-03-31T11:40:27 IST" skipped="0">
  <testcase classname="Rest_Assured.Test2" name="get" time="5.161"/>
  <system-out/>
</testsuite> <!-- Rest_Assured.Test2 -->
