<?xml version="1.0" encoding="UTF-8"?>
<!-- Generated by org.testng.reporters.JUnitReportReporter -->
<testsuite hostname="Aruls-MacBook-Air.local" failures="0" tests="1" name="Assertions.Create_Incident_With_File" time="4.690" errors="0" timestamp="2024-03-31T20:30:14 IST" skipped="0">
  <testcase classname="Assertions.Create_Incident_With_File" name="get_incident" time="4.690"/>
  <system-out/>
</testsuite> <!-- Assertions.Create_Incident_With_File -->
